[Println]2021/03/02 13:23:54 C:/GameObj/wwkill/main.go:47: 服务开启
[Println]2021/03/02 13:23:56 C:/GameObj/wwkill/main.go:68: map[0xc0000ac240:file:]
[Println]2021/03/02 13:23:56 C:/GameObj/wwkill/main.go:76: 用户发送了: {"name":"login","values":"{\"nickName\":\"阿0\",\"openID\":\"0006\",\"avatarUrl\":\"img/my/b_5.png\"}"}
[Println]2021/03/02 13:23:56 C:/GameObj/wwkill/Handler/parse.go:43: 登录操作:
[Println]2021/03/02 13:23:56 C:/GameObj/wwkill/main.go:76: 用户发送了: {"name":"back","values":"{\"openID\":\"0006\"}"}
[Println]2021/03/02 13:23:56 C:/GameObj/wwkill/main.go:76: 用户发送了: {"name":"buddy","values":"{\"openID\":\"0006\"}"}
[Println]2021/03/02 13:23:56 C:/GameObj/wwkill/Handler/parse.go:51: 获取背包
[Println]2021/03/02 13:23:56 C:/GameObj/wwkill/Handler/parse.go:67: 获取好友列表
[Println]2021/03/02 13:24:00 C:/GameObj/wwkill/main.go:76: 用户发送了: {"name":"game","values":"{\"New\":0,\"GameMode\":\"新手场\"}"}
[Println]2021/03/02 13:24:00 C:/GameObj/wwkill/Handler/parse.go:99: 开始游戏
[Println]2021/03/02 13:24:00 C:/GameObj/wwkill/Handler/game.go:197: 1 1
[Println]2021/03/02 13:24:00 C:/GameObj/wwkill/Handler/game.go:159: 0006
[Println]2021/03/02 13:24:00 C:/GameObj/wwkill/Handler/game.go:161: hhhhhhhhhhhhhhh-房间号
[Println]2021/03/02 13:24:00 C:/GameObj/wwkill/main.go:76: 用户发送了: {"name":"getUser","values":"{\"openID\":\"0006\"}"}
[Println]2021/03/02 13:24:00 C:/GameObj/wwkill/Handler/parse.go:95: 获取游戏中信息
[Println]2021/03/02 13:24:08 C:/GameObj/wwkill/main.go:68: map[0xc00006e510:file: 0xc0000ac240:file:]
[Println]2021/03/02 13:24:08 C:/GameObj/wwkill/main.go:76: 用户发送了: {"name":"login","values":"{\"nickName\":\"阿1\",\"openID\":\"0001\",\"avatarUrl\":\"img/my/b_4.png\"}"}
[Println]2021/03/02 13:24:08 C:/GameObj/wwkill/Handler/parse.go:43: 登录操作:
[Println]2021/03/02 13:24:08 C:/GameObj/wwkill/main.go:76: 用户发送了: {"name":"back","values":"{\"openID\":\"0001\"}"}
[Println]2021/03/02 13:24:08 C:/GameObj/wwkill/Handler/parse.go:51: 获取背包
[Println]2021/03/02 13:24:08 C:/GameObj/wwkill/main.go:76: 用户发送了: {"name":"buddy","values":"{\"openID\":\"0001\"}"}
[Println]2021/03/02 13:24:08 C:/GameObj/wwkill/Handler/parse.go:67: 获取好友列表
[Println]2021/03/02 13:24:15 C:/GameObj/wwkill/main.go:72: 客户端丢失
[Println]2021/03/02 13:24:15 C:/GameObj/wwkill/main.go:68: map[0xc00006e870:file: 0xc0000ac240:file:]
[Println]2021/03/02 13:24:15 C:/GameObj/wwkill/main.go:76: 用户发送了: {"name":"login","values":"{\"nickName\":\"阿2\",\"openID\":\"0002\",\"avatarUrl\":\"img/my/b_4.png\"}"}
[Println]2021/03/02 13:24:15 C:/GameObj/wwkill/Handler/parse.go:43: 登录操作:
[Println]2021/03/02 13:24:15 C:/GameObj/wwkill/main.go:76: 用户发送了: {"name":"back","values":"{\"openID\":\"0002\"}"}
[Println]2021/03/02 13:24:15 C:/GameObj/wwkill/main.go:76: 用户发送了: {"name":"buddy","values":"{\"openID\":\"0002\"}"}
[Println]2021/03/02 13:24:15 C:/GameObj/wwkill/Handler/parse.go:51: 获取背包
[Println]2021/03/02 13:24:15 C:/GameObj/wwkill/Handler/parse.go:67: 获取好友列表
[Println]2021/03/02 13:24:19 C:/GameObj/wwkill/main.go:76: 用户发送了: {"name":"game","values":"{\"New\":0,\"GameMode\":\"新手场\"}"}
[Println]2021/03/02 13:24:19 C:/GameObj/wwkill/Handler/parse.go:99: 开始游戏
[Println]2021/03/02 13:24:19 C:/GameObj/wwkill/Handler/game.go:197: 2 1
[Println]2021/03/02 13:24:19 C:/GameObj/wwkill/Handler/game.go:159: 0006
[Println]2021/03/02 13:24:19 C:/GameObj/wwkill/Handler/game.go:161: hhhhhhhhhhhhhhh-房间号
[Println]2021/03/02 13:24:19 C:/GameObj/wwkill/main.go:76: 用户发送了: {"name":"getUser","values":"{\"openID\":\"0002\"}"}
[Println]2021/03/02 13:24:19 C:/GameObj/wwkill/Handler/parse.go:95: 获取游戏中信息
[Println]2021/03/02 13:24:19 C:/GameObj/wwkill/main.go:76: 用户发送了: {"name":"getUser","values":"{\"openID\":\"0006\"}"}
[Println]2021/03/02 13:24:19 C:/GameObj/wwkill/Handler/parse.go:95: 获取游戏中信息
[Println]2021/03/02 13:24:19 C:/GameObj/wwkill/main.go:76: 用户发送了: {"name":"getUser","values":"{\"openID\":\"0006\"}"}
[Println]2021/03/02 13:24:19 C:/GameObj/wwkill/Handler/parse.go:95: 获取游戏中信息
[Println]2021/03/02 13:24:19 C:/GameObj/wwkill/main.go:76: 用户发送了: {"name":"getUser","values":"{\"openID\":\"0002\"}"}
[Println]2021/03/02 13:24:19 C:/GameObj/wwkill/Handler/parse.go:95: 获取游戏中信息
[Println]2021/03/02 13:24:19 C:/GameObj/wwkill/main.go:76: 用户发送了: {"name":"getUser","values":"{\"openID\":\"0002\"}"}
[Println]2021/03/02 13:24:19 C:/GameObj/wwkill/Handler/parse.go:95: 获取游戏中信息
